Read the target shape in
 ./files/input/20180107ErrorBetweenMirrorandCylinder1stSputter2.txt
Read the unit sputter yield in
 ./files/input/20190106AverageAllProfile.txt

                                       
    Iterative Deconvolution Started   
***************************************

The number of entries
  # Target   :    5750
  # Unit     :    1935
  # 1/2 Unit :     967
  # All      :    9620
The number of threads
  # Total    :       4
  # Thread   :       2
  # Thread   :       1
  # Thread   :       3
  # Thread   :       0
Computation time for initialization:    0.0042

Have memorized arrays 1 times
Multiplied alpha by    0.9500
loop:         2, alpha:   14.2500, rms:  792.3761
Multiplied alpha by    0.9500
loop:         5, alpha:   13.5375, rms:  630.0483
loop:       400, alpha:   13.5375, rms:   10.2270
loop:       800, alpha:   13.5375, rms:    5.1261
loop:      1200, alpha:   13.5375, rms:    3.7295
loop:      1600, alpha:   13.5375, rms:    3.2359
loop:      2000, alpha:   13.5375, rms:    3.0021
loop:      2400, alpha:   13.5375, rms:    2.8616
loop:      2800, alpha:   13.5375, rms:    2.7713
loop:      3200, alpha:   13.5375, rms:    2.7101
loop:      3600, alpha:   13.5375, rms:    2.6665
loop:      4000, alpha:   13.5375, rms:    2.6340
loop:      4400, alpha:   13.5375, rms:    2.6087
loop:      4800, alpha:   13.5375, rms:    2.5884
loop:      5200, alpha:   13.5375, rms:    2.5715
loop:      5600, alpha:   13.5375, rms:    2.5571
loop:      6000, alpha:   13.5375, rms:    2.5445
loop:      6400, alpha:   13.5375, rms:    2.5333
loop:      6800, alpha:   13.5375, rms:    2.5232
loop:      7200, alpha:   13.5375, rms:    2.5139
loop:      7600, alpha:   13.5375, rms:    2.5053
loop:      8000, alpha:   13.5375, rms:    2.4973
loop:      8400, alpha:   13.5375, rms:    2.4897
loop:      8800, alpha:   13.5375, rms:    2.4826
loop:      9200, alpha:   13.5375, rms:    2.4758
loop:      9600, alpha:   13.5375, rms:    2.4694
Have memorized arrays 2 times
loop:     10000, alpha:   13.5375, rms:    2.4632
loop:     10400, alpha:   13.5375, rms:    2.4573
loop:     10800, alpha:   13.5375, rms:    2.4517
loop:     11200, alpha:   13.5375, rms:    2.4462
loop:     11600, alpha:   13.5375, rms:    2.4409
loop:     12000, alpha:   13.5375, rms:    2.4358
loop:     12400, alpha:   13.5375, rms:    2.4309
loop:     12800, alpha:   13.5375, rms:    2.4261
loop:     13200, alpha:   13.5375, rms:    2.4215
loop:     13600, alpha:   13.5375, rms:    2.4170
loop:     14000, alpha:   13.5375, rms:    2.4127
loop:     14400, alpha:   13.5375, rms:    2.4084
loop:     14800, alpha:   13.5375, rms:    2.4043
loop:     15200, alpha:   13.5375, rms:    2.4003
loop:     15600, alpha:   13.5375, rms:    2.3964
loop:     16000, alpha:   13.5375, rms:    2.3926
loop:     16400, alpha:   13.5375, rms:    2.3889
loop:     16800, alpha:   13.5375, rms:    2.3853
loop:     17200, alpha:   13.5375, rms:    2.3818
loop:     17600, alpha:   13.5375, rms:    2.3784
loop:     18000, alpha:   13.5375, rms:    2.3751
loop:     18400, alpha:   13.5375, rms:    2.3718
loop:     18800, alpha:   13.5375, rms:    2.3687
loop:     19200, alpha:   13.5375, rms:    2.3656
loop:     19600, alpha:   13.5375, rms:    2.3626
Have memorized arrays 3 times
loop:     20000, alpha:   13.5375, rms:    2.3596
loop:     20400, alpha:   13.5375, rms:    2.3568
loop:     20800, alpha:   13.5375, rms:    2.3540
loop:     21200, alpha:   13.5375, rms:    2.3513
loop:     21600, alpha:   13.5375, rms:    2.3486
loop:     22000, alpha:   13.5375, rms:    2.3460
loop:     22400, alpha:   13.5375, rms:    2.3435
loop:     22800, alpha:   13.5375, rms:    2.3411
loop:     23200, alpha:   13.5375, rms:    2.3387
loop:     23600, alpha:   13.5375, rms:    2.3364
loop:     24000, alpha:   13.5375, rms:    2.3341
loop:     24400, alpha:   13.5375, rms:    2.3320
loop:     24800, alpha:   13.5375, rms:    2.3298
loop:     25200, alpha:   13.5375, rms:    2.3278
loop:     25600, alpha:   13.5375, rms:    2.3257
loop:     26000, alpha:   13.5375, rms:    2.3238
loop:     26400, alpha:   13.5375, rms:    2.3219
loop:     26800, alpha:   13.5375, rms:    2.3201
loop:     27200, alpha:   13.5375, rms:    2.3183
loop:     27600, alpha:   13.5375, rms:    2.3165
loop:     28000, alpha:   13.5375, rms:    2.3148
loop:     28400, alpha:   13.5375, rms:    2.3132
loop:     28800, alpha:   13.5375, rms:    2.3116
loop:     29200, alpha:   13.5375, rms:    2.3100
loop:     29600, alpha:   13.5375, rms:    2.3085
Have memorized arrays 4 times
loop:     30000, alpha:   13.5375, rms:    2.3071
loop:     30400, alpha:   13.5375, rms:    2.3057
loop:     30800, alpha:   13.5375, rms:    2.3043
loop:     31200, alpha:   13.5375, rms:    2.3029
loop:     31600, alpha:   13.5375, rms:    2.3017
loop:     32000, alpha:   13.5375, rms:    2.3004
loop:     32400, alpha:   13.5375, rms:    2.2992
loop:     32800, alpha:   13.5375, rms:    2.2980
loop:     33200, alpha:   13.5375, rms:    2.2969
loop:     33600, alpha:   13.5375, rms:    2.2958
loop:     34000, alpha:   13.5375, rms:    2.2947
loop:     34400, alpha:   13.5375, rms:    2.2937
loop:     34800, alpha:   13.5375, rms:    2.2927
loop:     35200, alpha:   13.5375, rms:    2.2917
loop:     35600, alpha:   13.5375, rms:    2.2907
loop:     36000, alpha:   13.5375, rms:    2.2897
loop:     36400, alpha:   13.5375, rms:    2.2888
loop:     36800, alpha:   13.5375, rms:    2.2879
loop:     37200, alpha:   13.5375, rms:    2.2870
loop:     37600, alpha:   13.5375, rms:    2.2861
loop:     38000, alpha:   13.5375, rms:    2.2853
loop:     38400, alpha:   13.5375, rms:    2.2844
loop:     38800, alpha:   13.5375, rms:    2.2836
loop:     39200, alpha:   13.5375, rms:    2.2828
loop:     39600, alpha:   13.5375, rms:    2.2821
Have memorized arrays 5 times
loop:     40000, alpha:   13.5375, rms:    2.2814
loop:     40400, alpha:   13.5375, rms:    2.2807
loop:     40800, alpha:   13.5375, rms:    2.2799
loop:     41200, alpha:   13.5375, rms:    2.2793
loop:     41600, alpha:   13.5375, rms:    2.2786
loop:     42000, alpha:   13.5375, rms:    2.2779
loop:     42400, alpha:   13.5375, rms:    2.2773
loop:     42800, alpha:   13.5375, rms:    2.2767
loop:     43200, alpha:   13.5375, rms:    2.2761
loop:     43600, alpha:   13.5375, rms:    2.2755
loop:     44000, alpha:   13.5375, rms:    2.2750
loop:     44400, alpha:   13.5375, rms:    2.2744
loop:     44800, alpha:   13.5375, rms:    2.2739
loop:     45200, alpha:   13.5375, rms:    2.2733
loop:     45600, alpha:   13.5375, rms:    2.2728
loop:     46000, alpha:   13.5375, rms:    2.2723
loop:     46400, alpha:   13.5375, rms:    2.2718
loop:     46800, alpha:   13.5375, rms:    2.2713
loop:     47200, alpha:   13.5375, rms:    2.2709
loop:     47600, alpha:   13.5375, rms:    2.2704
loop:     48000, alpha:   13.5375, rms:    2.2700
loop:     48400, alpha:   13.5375, rms:    2.2695
loop:     48800, alpha:   13.5375, rms:    2.2691
loop:     49200, alpha:   13.5375, rms:    2.2687
loop:     49600, alpha:   13.5375, rms:    2.2682
Have memorized arrays 6 times
loop:     50000, alpha:   13.5375, rms:    2.2678
loop:     50400, alpha:   13.5375, rms:    2.2674
loop:     50800, alpha:   13.5375, rms:    2.2670
loop:     51200, alpha:   13.5375, rms:    2.2667
loop:     51600, alpha:   13.5375, rms:    2.2663
loop:     52000, alpha:   13.5375, rms:    2.2659
loop:     52400, alpha:   13.5375, rms:    2.2656
loop:     52800, alpha:   13.5375, rms:    2.2652
loop:     53200, alpha:   13.5375, rms:    2.2649
loop:     53600, alpha:   13.5375, rms:    2.2645
loop:     54000, alpha:   13.5375, rms:    2.2642
loop:     54400, alpha:   13.5375, rms:    2.2639
loop:     54800, alpha:   13.5375, rms:    2.2636
loop:     55200, alpha:   13.5375, rms:    2.2633
loop:     55600, alpha:   13.5375, rms:    2.2629
loop:     56000, alpha:   13.5375, rms:    2.2626
loop:     56400, alpha:   13.5375, rms:    2.2623
loop:     56800, alpha:   13.5375, rms:    2.2620
loop:     57200, alpha:   13.5375, rms:    2.2617
loop:     57600, alpha:   13.5375, rms:    2.2615
loop:     58000, alpha:   13.5375, rms:    2.2612
loop:     58400, alpha:   13.5375, rms:    2.2609
loop:     58800, alpha:   13.5375, rms:    2.2606
loop:     59200, alpha:   13.5375, rms:    2.2604
loop:     59600, alpha:   13.5375, rms:    2.2601
Have memorized arrays 7 times
loop:     60000, alpha:   13.5375, rms:    2.2598
loop:     60400, alpha:   13.5375, rms:    2.2596
loop:     60800, alpha:   13.5375, rms:    2.2593
loop:     61200, alpha:   13.5375, rms:    2.2591
loop:     61600, alpha:   13.5375, rms:    2.2588
loop:     62000, alpha:   13.5375, rms:    2.2586
loop:     62400, alpha:   13.5375, rms:    2.2583
loop:     62800, alpha:   13.5375, rms:    2.2581
loop:     63200, alpha:   13.5375, rms:    2.2579
loop:     63600, alpha:   13.5375, rms:    2.2576
loop:     64000, alpha:   13.5375, rms:    2.2574
loop:     64400, alpha:   13.5375, rms:    2.2572
loop:     64800, alpha:   13.5375, rms:    2.2570
loop:     65200, alpha:   13.5375, rms:    2.2567
loop:     65600, alpha:   13.5375, rms:    2.2565
loop:     66000, alpha:   13.5375, rms:    2.2563
loop:     66400, alpha:   13.5375, rms:    2.2561
loop:     66800, alpha:   13.5375, rms:    2.2559
loop:     67200, alpha:   13.5375, rms:    2.2557
loop:     67600, alpha:   13.5375, rms:    2.2555
loop:     68000, alpha:   13.5375, rms:    2.2553
loop:     68400, alpha:   13.5375, rms:    2.2551
loop:     68800, alpha:   13.5375, rms:    2.2549
loop:     69200, alpha:   13.5375, rms:    2.2547
loop:     69600, alpha:   13.5375, rms:    2.2545
Have memorized arrays 8 times
loop:     70000, alpha:   13.5375, rms:    2.2543
loop:     70400, alpha:   13.5375, rms:    2.2541
loop:     70800, alpha:   13.5375, rms:    2.2539
loop:     71200, alpha:   13.5375, rms:    2.2537
loop:     71600, alpha:   13.5375, rms:    2.2535
loop:     72000, alpha:   13.5375, rms:    2.2533
loop:     72400, alpha:   13.5375, rms:    2.2531
loop:     72800, alpha:   13.5375, rms:    2.2530
loop:     73200, alpha:   13.5375, rms:    2.2528
loop:     73600, alpha:   13.5375, rms:    2.2526
loop:     74000, alpha:   13.5375, rms:    2.2524
loop:     74400, alpha:   13.5375, rms:    2.2523
loop:     74800, alpha:   13.5375, rms:    2.2521
loop:     75200, alpha:   13.5375, rms:    2.2519
loop:     75600, alpha:   13.5375, rms:    2.2517
loop:     76000, alpha:   13.5375, rms:    2.2516
loop:     76400, alpha:   13.5375, rms:    2.2514
loop:     76800, alpha:   13.5375, rms:    2.2512
loop:     77200, alpha:   13.5375, rms:    2.2511
loop:     77600, alpha:   13.5375, rms:    2.2509
loop:     78000, alpha:   13.5375, rms:    2.2507
loop:     78400, alpha:   13.5375, rms:    2.2506
loop:     78800, alpha:   13.5375, rms:    2.2504
loop:     79200, alpha:   13.5375, rms:    2.2503
loop:     79600, alpha:   13.5375, rms:    2.2501
Have memorized arrays 9 times
loop:     80000, alpha:   13.5375, rms:    2.2500
loop:     80400, alpha:   13.5375, rms:    2.2498
loop:     80800, alpha:   13.5375, rms:    2.2497
loop:     81200, alpha:   13.5375, rms:    2.2495
loop:     81600, alpha:   13.5375, rms:    2.2494
loop:     82000, alpha:   13.5375, rms:    2.2492
loop:     82400, alpha:   13.5375, rms:    2.2491
loop:     82800, alpha:   13.5375, rms:    2.2489
loop:     83200, alpha:   13.5375, rms:    2.2488
loop:     83600, alpha:   13.5375, rms:    2.2486
loop:     84000, alpha:   13.5375, rms:    2.2485
loop:     84400, alpha:   13.5375, rms:    2.2483
loop:     84800, alpha:   13.5375, rms:    2.2482
loop:     85200, alpha:   13.5375, rms:    2.2481
loop:     85600, alpha:   13.5375, rms:    2.2479
loop:     86000, alpha:   13.5375, rms:    2.2478
loop:     86400, alpha:   13.5375, rms:    2.2477
loop:     86800, alpha:   13.5375, rms:    2.2475
loop:     87200, alpha:   13.5375, rms:    2.2474
loop:     87600, alpha:   13.5375, rms:    2.2473
loop:     88000, alpha:   13.5375, rms:    2.2471
loop:     88400, alpha:   13.5375, rms:    2.2470
loop:     88800, alpha:   13.5375, rms:    2.2469
loop:     89200, alpha:   13.5375, rms:    2.2467
loop:     89600, alpha:   13.5375, rms:    2.2466
Have memorized arrays 10 times
loop:     90000, alpha:   13.5375, rms:    2.2465
loop:     90400, alpha:   13.5375, rms:    2.2464
loop:     90800, alpha:   13.5375, rms:    2.2462
loop:     91200, alpha:   13.5375, rms:    2.2461
loop:     91600, alpha:   13.5375, rms:    2.2460
loop:     92000, alpha:   13.5375, rms:    2.2459
loop:     92400, alpha:   13.5375, rms:    2.2458
loop:     92800, alpha:   13.5375, rms:    2.2456
loop:     93200, alpha:   13.5375, rms:    2.2455
loop:     93600, alpha:   13.5375, rms:    2.2454
loop:     94000, alpha:   13.5375, rms:    2.2453
loop:     94400, alpha:   13.5375, rms:    2.2452
loop:     94800, alpha:   13.5375, rms:    2.2451
loop:     95200, alpha:   13.5375, rms:    2.2449
loop:     95600, alpha:   13.5375, rms:    2.2448
loop:     96000, alpha:   13.5375, rms:    2.2447
loop:     96400, alpha:   13.5375, rms:    2.2446
loop:     96800, alpha:   13.5375, rms:    2.2445
loop:     97200, alpha:   13.5375, rms:    2.2444
loop:     97600, alpha:   13.5375, rms:    2.2443
loop:     98000, alpha:   13.5375, rms:    2.2442
loop:     98400, alpha:   13.5375, rms:    2.2441
loop:     98800, alpha:   13.5375, rms:    2.2440
loop:     99200, alpha:   13.5375, rms:    2.2439
loop:     99600, alpha:   13.5375, rms:    2.2438
Have memorized arrays 11 times
loop:    100000, alpha:   13.5375, rms:    2.2437
loop:    100400, alpha:   13.5375, rms:    2.2435
loop:    100800, alpha:   13.5375, rms:    2.2434
loop:    101200, alpha:   13.5375, rms:    2.2433
loop:    101600, alpha:   13.5375, rms:    2.2432
loop:    102000, alpha:   13.5375, rms:    2.2431
loop:    102400, alpha:   13.5375, rms:    2.2431
loop:    102800, alpha:   13.5375, rms:    2.2430
loop:    103200, alpha:   13.5375, rms:    2.2429
loop:    103600, alpha:   13.5375, rms:    2.2428
loop:    104000, alpha:   13.5375, rms:    2.2427
loop:    104400, alpha:   13.5375, rms:    2.2426
loop:    104800, alpha:   13.5375, rms:    2.2425
loop:    105200, alpha:   13.5375, rms:    2.2424
loop:    105600, alpha:   13.5375, rms:    2.2423
loop:    106000, alpha:   13.5375, rms:    2.2422
loop:    106400, alpha:   13.5375, rms:    2.2421
loop:    106800, alpha:   13.5375, rms:    2.2420
loop:    107200, alpha:   13.5375, rms:    2.2419
loop:    107600, alpha:   13.5375, rms:    2.2418
loop:    108000, alpha:   13.5375, rms:    2.2417
loop:    108400, alpha:   13.5375, rms:    2.2417
loop:    108800, alpha:   13.5375, rms:    2.2416
loop:    109200, alpha:   13.5375, rms:    2.2415
loop:    109600, alpha:   13.5375, rms:    2.2414
Have memorized arrays 12 times
loop:    110000, alpha:   13.5375, rms:    2.2413
loop:    110400, alpha:   13.5375, rms:    2.2412
loop:    110800, alpha:   13.5375, rms:    2.2412
loop:    111200, alpha:   13.5375, rms:    2.2411
loop:    111600, alpha:   13.5375, rms:    2.2410
loop:    112000, alpha:   13.5375, rms:    2.2409
loop:    112400, alpha:   13.5375, rms:    2.2408
loop:    112800, alpha:   13.5375, rms:    2.2407
loop:    113200, alpha:   13.5375, rms:    2.2407
loop:    113600, alpha:   13.5375, rms:    2.2406
loop:    114000, alpha:   13.5375, rms:    2.2405
loop:    114400, alpha:   13.5375, rms:    2.2404
loop:    114800, alpha:   13.5375, rms:    2.2403
loop:    115200, alpha:   13.5375, rms:    2.2403
loop:    115600, alpha:   13.5375, rms:    2.2402
loop:    116000, alpha:   13.5375, rms:    2.2401
loop:    116400, alpha:   13.5375, rms:    2.2400
loop:    116800, alpha:   13.5375, rms:    2.2400
loop:    117200, alpha:   13.5375, rms:    2.2399
loop:    117600, alpha:   13.5375, rms:    2.2398
loop:    118000, alpha:   13.5375, rms:    2.2397
loop:    118400, alpha:   13.5375, rms:    2.2397
loop:    118800, alpha:   13.5375, rms:    2.2396
loop:    119200, alpha:   13.5375, rms:    2.2395
loop:    119600, alpha:   13.5375, rms:    2.2395
Have memorized arrays 13 times
loop:    120000, alpha:   13.5375, rms:    2.2394
loop:    120400, alpha:   13.5375, rms:    2.2393
loop:    120800, alpha:   13.5375, rms:    2.2393
loop:    121200, alpha:   13.5375, rms:    2.2392
loop:    121600, alpha:   13.5375, rms:    2.2391
loop:    122000, alpha:   13.5375, rms:    2.2391
loop:    122400, alpha:   13.5375, rms:    2.2390
loop:    122800, alpha:   13.5375, rms:    2.2389
loop:    123200, alpha:   13.5375, rms:    2.2389
loop:    123600, alpha:   13.5375, rms:    2.2388
loop:    124000, alpha:   13.5375, rms:    2.2387
loop:    124400, alpha:   13.5375, rms:    2.2387
loop:    124800, alpha:   13.5375, rms:    2.2386
loop:    125200, alpha:   13.5375, rms:    2.2385
loop:    125600, alpha:   13.5375, rms:    2.2385
loop:    126000, alpha:   13.5375, rms:    2.2384
loop:    126400, alpha:   13.5375, rms:    2.2383
loop:    126800, alpha:   13.5375, rms:    2.2383
loop:    127200, alpha:   13.5375, rms:    2.2382
loop:    127600, alpha:   13.5375, rms:    2.2382
loop:    128000, alpha:   13.5375, rms:    2.2381
loop:    128400, alpha:   13.5375, rms:    2.2380
loop:    128800, alpha:   13.5375, rms:    2.2380
loop:    129200, alpha:   13.5375, rms:    2.2379
loop:    129600, alpha:   13.5375, rms:    2.2379
Have memorized arrays 14 times
loop:    130000, alpha:   13.5375, rms:    2.2378
loop:    130400, alpha:   13.5375, rms:    2.2377
loop:    130800, alpha:   13.5375, rms:    2.2377
loop:    131200, alpha:   13.5375, rms:    2.2376
loop:    131600, alpha:   13.5375, rms:    2.2376
loop:    132000, alpha:   13.5375, rms:    2.2375
loop:    132400, alpha:   13.5375, rms:    2.2375
loop:    132800, alpha:   13.5375, rms:    2.2374
loop:    133200, alpha:   13.5375, rms:    2.2373
loop:    133600, alpha:   13.5375, rms:    2.2373
loop:    134000, alpha:   13.5375, rms:    2.2372
loop:    134400, alpha:   13.5375, rms:    2.2372
loop:    134800, alpha:   13.5375, rms:    2.2371
loop:    135200, alpha:   13.5375, rms:    2.2371
loop:    135600, alpha:   13.5375, rms:    2.2370
loop:    136000, alpha:   13.5375, rms:    2.2370
loop:    136400, alpha:   13.5375, rms:    2.2369
loop:    136800, alpha:   13.5375, rms:    2.2369
loop:    137200, alpha:   13.5375, rms:    2.2368
loop:    137600, alpha:   13.5375, rms:    2.2368
loop:    138000, alpha:   13.5375, rms:    2.2367
loop:    138400, alpha:   13.5375, rms:    2.2367
loop:    138800, alpha:   13.5375, rms:    2.2366
loop:    139200, alpha:   13.5375, rms:    2.2365
loop:    139600, alpha:   13.5375, rms:    2.2365
Have memorized arrays 15 times
loop:    140000, alpha:   13.5375, rms:    2.2364
loop:    140400, alpha:   13.5375, rms:    2.2364
loop:    140800, alpha:   13.5375, rms:    2.2364
loop:    141200, alpha:   13.5375, rms:    2.2363
loop:    141600, alpha:   13.5375, rms:    2.2363
loop:    142000, alpha:   13.5375, rms:    2.2362
loop:    142400, alpha:   13.5375, rms:    2.2362
loop:    142800, alpha:   13.5375, rms:    2.2361
loop:    143200, alpha:   13.5375, rms:    2.2361
loop:    143600, alpha:   13.5375, rms:    2.2360
loop:    144000, alpha:   13.5375, rms:    2.2360
loop:    144400, alpha:   13.5375, rms:    2.2359
loop:    144800, alpha:   13.5375, rms:    2.2359
loop:    145200, alpha:   13.5375, rms:    2.2358
loop:    145600, alpha:   13.5375, rms:    2.2358
loop:    146000, alpha:   13.5375, rms:    2.2357
loop:    146400, alpha:   13.5375, rms:    2.2357
loop:    146800, alpha:   13.5375, rms:    2.2357
loop:    147200, alpha:   13.5375, rms:    2.2356
loop:    147600, alpha:   13.5375, rms:    2.2356
loop:    148000, alpha:   13.5375, rms:    2.2355
loop:    148400, alpha:   13.5375, rms:    2.2355
loop:    148800, alpha:   13.5375, rms:    2.2354
loop:    149200, alpha:   13.5375, rms:    2.2354
loop:    149600, alpha:   13.5375, rms:    2.2354
Have memorized arrays 16 times
loop:    150000, alpha:   13.5375, rms:    2.2353
loop:    150400, alpha:   13.5375, rms:    2.2353
loop:    150800, alpha:   13.5375, rms:    2.2352
loop:    151200, alpha:   13.5375, rms:    2.2352
loop:    151600, alpha:   13.5375, rms:    2.2351
loop:    152000, alpha:   13.5375, rms:    2.2351
loop:    152400, alpha:   13.5375, rms:    2.2350
loop:    152800, alpha:   13.5375, rms:    2.2350
loop:    153200, alpha:   13.5375, rms:    2.2350
loop:    153600, alpha:   13.5375, rms:    2.2349
loop:    154000, alpha:   13.5375, rms:    2.2349
loop:    154400, alpha:   13.5375, rms:    2.2349
loop:    154800, alpha:   13.5375, rms:    2.2348
loop:    155200, alpha:   13.5375, rms:    2.2348
loop:    155600, alpha:   13.5375, rms:    2.2347
loop:    156000, alpha:   13.5375, rms:    2.2347
loop:    156400, alpha:   13.5375, rms:    2.2347
loop:    156800, alpha:   13.5375, rms:    2.2346
loop:    157200, alpha:   13.5375, rms:    2.2346
loop:    157600, alpha:   13.5375, rms:    2.2345
loop:    158000, alpha:   13.5375, rms:    2.2345
loop:    158400, alpha:   13.5375, rms:    2.2345
loop:    158800, alpha:   13.5375, rms:    2.2344
loop:    159200, alpha:   13.5375, rms:    2.2344
loop:    159600, alpha:   13.5375, rms:    2.2344
Have memorized arrays 17 times
loop:    160000, alpha:   13.5375, rms:    2.2343
loop:    160400, alpha:   13.5375, rms:    2.2343
loop:    160800, alpha:   13.5375, rms:    2.2343
loop:    161200, alpha:   13.5375, rms:    2.2342
loop:    161600, alpha:   13.5375, rms:    2.2342
loop:    162000, alpha:   13.5375, rms:    2.2341
loop:    162400, alpha:   13.5375, rms:    2.2341
loop:    162800, alpha:   13.5375, rms:    2.2341
loop:    163200, alpha:   13.5375, rms:    2.2340
loop:    163600, alpha:   13.5375, rms:    2.2340
loop:    164000, alpha:   13.5375, rms:    2.2340
loop:    164400, alpha:   13.5375, rms:    2.2339
loop:    164800, alpha:   13.5375, rms:    2.2339
loop:    165200, alpha:   13.5375, rms:    2.2339
loop:    165600, alpha:   13.5375, rms:    2.2338
loop:    166000, alpha:   13.5375, rms:    2.2338
loop:    166400, alpha:   13.5375, rms:    2.2337
loop:    166800, alpha:   13.5375, rms:    2.2337
loop:    167200, alpha:   13.5375, rms:    2.2337
loop:    167600, alpha:   13.5375, rms:    2.2336
loop:    168000, alpha:   13.5375, rms:    2.2336
loop:    168400, alpha:   13.5375, rms:    2.2336
loop:    168800, alpha:   13.5375, rms:    2.2335
loop:    169200, alpha:   13.5375, rms:    2.2335
loop:    169600, alpha:   13.5375, rms:    2.2335
Have memorized arrays 18 times
loop:    170000, alpha:   13.5375, rms:    2.2335
loop:    170400, alpha:   13.5375, rms:    2.2334
loop:    170800, alpha:   13.5375, rms:    2.2334
loop:    171200, alpha:   13.5375, rms:    2.2334
loop:    171600, alpha:   13.5375, rms:    2.2333
loop:    172000, alpha:   13.5375, rms:    2.2333
loop:    172400, alpha:   13.5375, rms:    2.2333
loop:    172800, alpha:   13.5375, rms:    2.2333
loop:    173200, alpha:   13.5375, rms:    2.2332
loop:    173600, alpha:   13.5375, rms:    2.2332
loop:    174000, alpha:   13.5375, rms:    2.2332
loop:    174400, alpha:   13.5375, rms:    2.2331
loop:    174800, alpha:   13.5375, rms:    2.2331
loop:    175200, alpha:   13.5375, rms:    2.2331
loop:    175600, alpha:   13.5375, rms:    2.2330
loop:    176000, alpha:   13.5375, rms:    2.2330
loop:    176400, alpha:   13.5375, rms:    2.2330
loop:    176800, alpha:   13.5375, rms:    2.2329
loop:    177200, alpha:   13.5375, rms:    2.2329
loop:    177600, alpha:   13.5375, rms:    2.2329
loop:    178000, alpha:   13.5375, rms:    2.2329
loop:    178400, alpha:   13.5375, rms:    2.2328
loop:    178800, alpha:   13.5375, rms:    2.2328
loop:    179200, alpha:   13.5375, rms:    2.2328
loop:    179600, alpha:   13.5375, rms:    2.2327
Have memorized arrays 19 times
loop:    180000, alpha:   13.5375, rms:    2.2327
loop:    180400, alpha:   13.5375, rms:    2.2327
loop:    180800, alpha:   13.5375, rms:    2.2327
loop:    181200, alpha:   13.5375, rms:    2.2326
loop:    181600, alpha:   13.5375, rms:    2.2326
loop:    182000, alpha:   13.5375, rms:    2.2326
loop:    182400, alpha:   13.5375, rms:    2.2325
loop:    182800, alpha:   13.5375, rms:    2.2325
loop:    183200, alpha:   13.5375, rms:    2.2325
loop:    183600, alpha:   13.5375, rms:    2.2325
loop:    184000, alpha:   13.5375, rms:    2.2324
loop:    184400, alpha:   13.5375, rms:    2.2324
loop:    184800, alpha:   13.5375, rms:    2.2324
loop:    185200, alpha:   13.5375, rms:    2.2324
loop:    185600, alpha:   13.5375, rms:    2.2323
loop:    186000, alpha:   13.5375, rms:    2.2323
loop:    186400, alpha:   13.5375, rms:    2.2323
loop:    186800, alpha:   13.5375, rms:    2.2323
loop:    187200, alpha:   13.5375, rms:    2.2322
loop:    187600, alpha:   13.5375, rms:    2.2322
loop:    188000, alpha:   13.5375, rms:    2.2322
loop:    188400, alpha:   13.5375, rms:    2.2322
loop:    188800, alpha:   13.5375, rms:    2.2321
loop:    189200, alpha:   13.5375, rms:    2.2321
loop:    189600, alpha:   13.5375, rms:    2.2321
Have memorized arrays 20 times
loop:    190000, alpha:   13.5375, rms:    2.2321
loop:    190400, alpha:   13.5375, rms:    2.2320
loop:    190800, alpha:   13.5375, rms:    2.2320
loop:    191200, alpha:   13.5375, rms:    2.2320
loop:    191600, alpha:   13.5375, rms:    2.2320
loop:    192000, alpha:   13.5375, rms:    2.2319
loop:    192400, alpha:   13.5375, rms:    2.2319
loop:    192800, alpha:   13.5375, rms:    2.2319
loop:    193200, alpha:   13.5375, rms:    2.2319
loop:    193600, alpha:   13.5375, rms:    2.2318
loop:    194000, alpha:   13.5375, rms:    2.2318
loop:    194400, alpha:   13.5375, rms:    2.2318
loop:    194800, alpha:   13.5375, rms:    2.2318
loop:    195200, alpha:   13.5375, rms:    2.2317
loop:    195600, alpha:   13.5375, rms:    2.2317
loop:    196000, alpha:   13.5375, rms:    2.2317
loop:    196400, alpha:   13.5375, rms:    2.2317
loop:    196800, alpha:   13.5375, rms:    2.2317
loop:    197200, alpha:   13.5375, rms:    2.2316
loop:    197600, alpha:   13.5375, rms:    2.2316
loop:    198000, alpha:   13.5375, rms:    2.2316
loop:    198400, alpha:   13.5375, rms:    2.2316
loop:    198800, alpha:   13.5375, rms:    2.2315
loop:    199200, alpha:   13.5375, rms:    2.2315
loop:    199600, alpha:   13.5375, rms:    2.2315
Have memorized arrays 21 times
loop:    200000, alpha:   13.5375, rms:    2.2315
Reached the maximum number of loops

Done.
loop:    200001, alpha:   13.5375, rms:    2.2315
Total fabrication time:  295.0701 minutes
filepath:
 ./files/outputOMP/20190107130431_all.txt
filepath:
 ./files/outputOMP/20190107130431_extraction.txt
Serial Computation time: 3336.1276 sec.
OpenMP Computation time:  948.0798 sec.
