
                                       
    Iterative Deconvolution Started   
***************************************

The number of entries
  # Target   :    4001
  # Unit     :    1561
  # 1/2 Unit :     780
  # All      :    7123
The number of threads
  # Total    :       4
  # Thread   :       2
  # Thread   :       1
  # Thread   :       3
  # Thread   :       0
Computation time for initialization:    0.0035

Have memorized arrays 1 times
Multiplied alpha by    0.9500
loop:         2, alpha:   57.0000, rms:  384.8400
Multiplied alpha by    0.9500
loop:         5, alpha:   54.1500, rms:  308.8963
Multiplied alpha by    0.9500
loop:        12, alpha:   51.4425, rms:  205.3217
Have memorized arrays 2 times
loop:     10000, alpha:   51.4425, rms:    0.4814
Have memorized arrays 3 times
loop:     20000, alpha:   51.4425, rms:    0.3393
Have memorized arrays 4 times
loop:     30000, alpha:   51.4425, rms:    0.2739
Have memorized arrays 5 times
loop:     40000, alpha:   51.4425, rms:    0.2356
Have memorized arrays 6 times
loop:     50000, alpha:   51.4425, rms:    0.2094
Have memorized arrays 7 times
loop:     60000, alpha:   51.4425, rms:    0.1896
Have memorized arrays 8 times
loop:     70000, alpha:   51.4425, rms:    0.1740
Have memorized arrays 9 times
loop:     80000, alpha:   51.4425, rms:    0.1614
Have memorized arrays 10 times
loop:     90000, alpha:   51.4425, rms:    0.1509
Have memorized arrays 11 times
loop:    100000, alpha:   51.4425, rms:    0.1420
Have memorized arrays 12 times
loop:    110000, alpha:   51.4425, rms:    0.1345
Have memorized arrays 13 times
loop:    120000, alpha:   51.4425, rms:    0.1281
Have memorized arrays 14 times
loop:    130000, alpha:   51.4425, rms:    0.1225
Have memorized arrays 15 times
loop:    140000, alpha:   51.4425, rms:    0.1176
Have memorized arrays 16 times
loop:    150000, alpha:   51.4425, rms:    0.1133
Have memorized arrays 17 times
loop:    160000, alpha:   51.4425, rms:    0.1094
Have memorized arrays 18 times
loop:    170000, alpha:   51.4425, rms:    0.1060
Have memorized arrays 19 times
loop:    180000, alpha:   51.4425, rms:    0.1028
Have memorized arrays 20 times
loop:    190000, alpha:   51.4425, rms:    0.1000

Done.
loop:    190032, alpha:   51.4425, rms:    0.1000
filepath:
 ./files/outputOMP/20190104222317_all.txt
filepath:
 ./files/outputOMP/20190104222317_extraction.txt
Serial Computation time: 1642.5997 sec.
OpenMP Computation time:  479.7495 sec.
