Read the target shape in
 ./files/input/20190331ResidueMirrorAndCyl_MA-0.05mmMT-0.002Offset450nm.txt
Read the unit sputter yield in
 ./files/input/20190331SputerYieldon20190331.txt

                                       
    Iterative Deconvolution Started   
***************************************

The number of entries
  # Target   :    4400
  # Unit     :    2285
  # 1/2 Unit :    1142
  # All      :    8970
The number of threads
  # Total    :       4
  # Thread   :       1
  # Thread   :       3
  # Thread   :       0
  # Thread   :       2
Computation time for initialization:    0.0042

Have memorized arrays 1 times
loop:       400, alpha:   10.5000, rms:   15.0154
loop:       800, alpha:   10.5000, rms:    9.7004
loop:      1200, alpha:   10.5000, rms:    7.3997
loop:      1600, alpha:   10.5000, rms:    6.1146
loop:      2000, alpha:   10.5000, rms:    5.2969
loop:      2400, alpha:   10.5000, rms:    4.7412
loop:      2800, alpha:   10.5000, rms:    4.3467
loop:      3200, alpha:   10.5000, rms:    4.0567
loop:      3600, alpha:   10.5000, rms:    3.8369
loop:      4000, alpha:   10.5000, rms:    3.6652
loop:      4400, alpha:   10.5000, rms:    3.5269
loop:      4800, alpha:   10.5000, rms:    3.4124
loop:      5200, alpha:   10.5000, rms:    3.3150
loop:      5600, alpha:   10.5000, rms:    3.2302
loop:      6000, alpha:   10.5000, rms:    3.1550
loop:      6400, alpha:   10.5000, rms:    3.0871
loop:      6800, alpha:   10.5000, rms:    3.0251
loop:      7200, alpha:   10.5000, rms:    2.9681
loop:      7600, alpha:   10.5000, rms:    2.9153
loop:      8000, alpha:   10.5000, rms:    2.8663
loop:      8400, alpha:   10.5000, rms:    2.8207
loop:      8800, alpha:   10.5000, rms:    2.7782
loop:      9200, alpha:   10.5000, rms:    2.7385
loop:      9600, alpha:   10.5000, rms:    2.7012
Have memorized arrays 2 times
loop:     10000, alpha:   10.5000, rms:    2.6661
loop:     10400, alpha:   10.5000, rms:    2.6331
loop:     10800, alpha:   10.5000, rms:    2.6019
loop:     11200, alpha:   10.5000, rms:    2.5725
loop:     11600, alpha:   10.5000, rms:    2.5447
loop:     12000, alpha:   10.5000, rms:    2.5184
loop:     12400, alpha:   10.5000, rms:    2.4934
loop:     12800, alpha:   10.5000, rms:    2.4698
loop:     13200, alpha:   10.5000, rms:    2.4472
loop:     13600, alpha:   10.5000, rms:    2.4257
loop:     14000, alpha:   10.5000, rms:    2.4051
loop:     14400, alpha:   10.5000, rms:    2.3854
loop:     14800, alpha:   10.5000, rms:    2.3664
loop:     15200, alpha:   10.5000, rms:    2.3482
loop:     15600, alpha:   10.5000, rms:    2.3307
loop:     16000, alpha:   10.5000, rms:    2.3138
loop:     16400, alpha:   10.5000, rms:    2.2975
loop:     16800, alpha:   10.5000, rms:    2.2818
loop:     17200, alpha:   10.5000, rms:    2.2666
loop:     17600, alpha:   10.5000, rms:    2.2519
loop:     18000, alpha:   10.5000, rms:    2.2376
loop:     18400, alpha:   10.5000, rms:    2.2239
loop:     18800, alpha:   10.5000, rms:    2.2105
loop:     19200, alpha:   10.5000, rms:    2.1976
loop:     19600, alpha:   10.5000, rms:    2.1851
Have memorized arrays 3 times
loop:     20000, alpha:   10.5000, rms:    2.1729
loop:     20400, alpha:   10.5000, rms:    2.1611
loop:     20800, alpha:   10.5000, rms:    2.1496
loop:     21200, alpha:   10.5000, rms:    2.1385
loop:     21600, alpha:   10.5000, rms:    2.1276
loop:     22000, alpha:   10.5000, rms:    2.1172
loop:     22400, alpha:   10.5000, rms:    2.1070
loop:     22800, alpha:   10.5000, rms:    2.0972
loop:     23200, alpha:   10.5000, rms:    2.0876
loop:     23600, alpha:   10.5000, rms:    2.0782
loop:     24000, alpha:   10.5000, rms:    2.0691
loop:     24400, alpha:   10.5000, rms:    2.0602
loop:     24800, alpha:   10.5000, rms:    2.0515
loop:     25200, alpha:   10.5000, rms:    2.0431
loop:     25600, alpha:   10.5000, rms:    2.0348
loop:     26000, alpha:   10.5000, rms:    2.0267
loop:     26400, alpha:   10.5000, rms:    2.0188
loop:     26800, alpha:   10.5000, rms:    2.0111
loop:     27200, alpha:   10.5000, rms:    2.0036
loop:     27600, alpha:   10.5000, rms:    1.9962
loop:     28000, alpha:   10.5000, rms:    1.9890
loop:     28400, alpha:   10.5000, rms:    1.9819
loop:     28800, alpha:   10.5000, rms:    1.9750
loop:     29200, alpha:   10.5000, rms:    1.9682
loop:     29600, alpha:   10.5000, rms:    1.9616
Have memorized arrays 4 times
loop:     30000, alpha:   10.5000, rms:    1.9551
loop:     30400, alpha:   10.5000, rms:    1.9487
loop:     30800, alpha:   10.5000, rms:    1.9425
loop:     31200, alpha:   10.5000, rms:    1.9363
loop:     31600, alpha:   10.5000, rms:    1.9303
loop:     32000, alpha:   10.5000, rms:    1.9243
loop:     32400, alpha:   10.5000, rms:    1.9185
loop:     32800, alpha:   10.5000, rms:    1.9128
loop:     33200, alpha:   10.5000, rms:    1.9071
loop:     33600, alpha:   10.5000, rms:    1.9016
loop:     34000, alpha:   10.5000, rms:    1.8962
loop:     34400, alpha:   10.5000, rms:    1.8908
loop:     34800, alpha:   10.5000, rms:    1.8855
loop:     35200, alpha:   10.5000, rms:    1.8803
loop:     35600, alpha:   10.5000, rms:    1.8752
loop:     36000, alpha:   10.5000, rms:    1.8702
loop:     36400, alpha:   10.5000, rms:    1.8653
loop:     36800, alpha:   10.5000, rms:    1.8604
loop:     37200, alpha:   10.5000, rms:    1.8556
loop:     37600, alpha:   10.5000, rms:    1.8509
loop:     38000, alpha:   10.5000, rms:    1.8462
loop:     38400, alpha:   10.5000, rms:    1.8416
loop:     38800, alpha:   10.5000, rms:    1.8371
loop:     39200, alpha:   10.5000, rms:    1.8326
loop:     39600, alpha:   10.5000, rms:    1.8282
Have memorized arrays 5 times
loop:     40000, alpha:   10.5000, rms:    1.8239
loop:     40400, alpha:   10.5000, rms:    1.8196
loop:     40800, alpha:   10.5000, rms:    1.8154
loop:     41200, alpha:   10.5000, rms:    1.8113
loop:     41600, alpha:   10.5000, rms:    1.8072
loop:     42000, alpha:   10.5000, rms:    1.8031
loop:     42400, alpha:   10.5000, rms:    1.7991
loop:     42800, alpha:   10.5000, rms:    1.7952
loop:     43200, alpha:   10.5000, rms:    1.7913
loop:     43600, alpha:   10.5000, rms:    1.7875
loop:     44000, alpha:   10.5000, rms:    1.7837
loop:     44400, alpha:   10.5000, rms:    1.7800
loop:     44800, alpha:   10.5000, rms:    1.7764
loop:     45200, alpha:   10.5000, rms:    1.7727
loop:     45600, alpha:   10.5000, rms:    1.7692
loop:     46000, alpha:   10.5000, rms:    1.7657
loop:     46400, alpha:   10.5000, rms:    1.7623
loop:     46800, alpha:   10.5000, rms:    1.7589
loop:     47200, alpha:   10.5000, rms:    1.7555
loop:     47600, alpha:   10.5000, rms:    1.7522
loop:     48000, alpha:   10.5000, rms:    1.7489
loop:     48400, alpha:   10.5000, rms:    1.7457
loop:     48800, alpha:   10.5000, rms:    1.7425
loop:     49200, alpha:   10.5000, rms:    1.7393
loop:     49600, alpha:   10.5000, rms:    1.7362
Have memorized arrays 6 times
loop:     50000, alpha:   10.5000, rms:    1.7332
loop:     50400, alpha:   10.5000, rms:    1.7301
loop:     50800, alpha:   10.5000, rms:    1.7271
loop:     51200, alpha:   10.5000, rms:    1.7242
loop:     51600, alpha:   10.5000, rms:    1.7212
loop:     52000, alpha:   10.5000, rms:    1.7183
loop:     52400, alpha:   10.5000, rms:    1.7155
loop:     52800, alpha:   10.5000, rms:    1.7127
loop:     53200, alpha:   10.5000, rms:    1.7099
loop:     53600, alpha:   10.5000, rms:    1.7071
loop:     54000, alpha:   10.5000, rms:    1.7044
loop:     54400, alpha:   10.5000, rms:    1.7017
loop:     54800, alpha:   10.5000, rms:    1.6991
loop:     55200, alpha:   10.5000, rms:    1.6964
loop:     55600, alpha:   10.5000, rms:    1.6938
loop:     56000, alpha:   10.5000, rms:    1.6913
loop:     56400, alpha:   10.5000, rms:    1.6887
loop:     56800, alpha:   10.5000, rms:    1.6862
loop:     57200, alpha:   10.5000, rms:    1.6837
loop:     57600, alpha:   10.5000, rms:    1.6813
loop:     58000, alpha:   10.5000, rms:    1.6789
loop:     58400, alpha:   10.5000, rms:    1.6765
loop:     58800, alpha:   10.5000, rms:    1.6741
loop:     59200, alpha:   10.5000, rms:    1.6717
loop:     59600, alpha:   10.5000, rms:    1.6694
Have memorized arrays 7 times
loop:     60000, alpha:   10.5000, rms:    1.6671
loop:     60400, alpha:   10.5000, rms:    1.6649
loop:     60800, alpha:   10.5000, rms:    1.6626
loop:     61200, alpha:   10.5000, rms:    1.6604
loop:     61600, alpha:   10.5000, rms:    1.6582
loop:     62000, alpha:   10.5000, rms:    1.6560
loop:     62400, alpha:   10.5000, rms:    1.6539
loop:     62800, alpha:   10.5000, rms:    1.6518
loop:     63200, alpha:   10.5000, rms:    1.6497
loop:     63600, alpha:   10.5000, rms:    1.6476
loop:     64000, alpha:   10.5000, rms:    1.6455
loop:     64400, alpha:   10.5000, rms:    1.6435
loop:     64800, alpha:   10.5000, rms:    1.6415
loop:     65200, alpha:   10.5000, rms:    1.6395
loop:     65600, alpha:   10.5000, rms:    1.6375
loop:     66000, alpha:   10.5000, rms:    1.6356
loop:     66400, alpha:   10.5000, rms:    1.6336
loop:     66800, alpha:   10.5000, rms:    1.6317
loop:     67200, alpha:   10.5000, rms:    1.6299
loop:     67600, alpha:   10.5000, rms:    1.6280
loop:     68000, alpha:   10.5000, rms:    1.6261
loop:     68400, alpha:   10.5000, rms:    1.6243
loop:     68800, alpha:   10.5000, rms:    1.6225
loop:     69200, alpha:   10.5000, rms:    1.6207
loop:     69600, alpha:   10.5000, rms:    1.6190
Have memorized arrays 8 times
loop:     70000, alpha:   10.5000, rms:    1.6172
loop:     70400, alpha:   10.5000, rms:    1.6155
loop:     70800, alpha:   10.5000, rms:    1.6138
loop:     71200, alpha:   10.5000, rms:    1.6121
loop:     71600, alpha:   10.5000, rms:    1.6104
loop:     72000, alpha:   10.5000, rms:    1.6087
loop:     72400, alpha:   10.5000, rms:    1.6071
loop:     72800, alpha:   10.5000, rms:    1.6054
loop:     73200, alpha:   10.5000, rms:    1.6038
loop:     73600, alpha:   10.5000, rms:    1.6022
loop:     74000, alpha:   10.5000, rms:    1.6006
loop:     74400, alpha:   10.5000, rms:    1.5991
loop:     74800, alpha:   10.5000, rms:    1.5975
loop:     75200, alpha:   10.5000, rms:    1.5960
loop:     75600, alpha:   10.5000, rms:    1.5945
loop:     76000, alpha:   10.5000, rms:    1.5930
loop:     76400, alpha:   10.5000, rms:    1.5915
loop:     76800, alpha:   10.5000, rms:    1.5900
loop:     77200, alpha:   10.5000, rms:    1.5885
loop:     77600, alpha:   10.5000, rms:    1.5871
loop:     78000, alpha:   10.5000, rms:    1.5857
loop:     78400, alpha:   10.5000, rms:    1.5842
loop:     78800, alpha:   10.5000, rms:    1.5828
loop:     79200, alpha:   10.5000, rms:    1.5814
loop:     79600, alpha:   10.5000, rms:    1.5801
Have memorized arrays 9 times
loop:     80000, alpha:   10.5000, rms:    1.5787
loop:     80400, alpha:   10.5000, rms:    1.5773
loop:     80800, alpha:   10.5000, rms:    1.5760
loop:     81200, alpha:   10.5000, rms:    1.5747
loop:     81600, alpha:   10.5000, rms:    1.5734
loop:     82000, alpha:   10.5000, rms:    1.5721
loop:     82400, alpha:   10.5000, rms:    1.5708
loop:     82800, alpha:   10.5000, rms:    1.5695
loop:     83200, alpha:   10.5000, rms:    1.5682
loop:     83600, alpha:   10.5000, rms:    1.5670
loop:     84000, alpha:   10.5000, rms:    1.5657
loop:     84400, alpha:   10.5000, rms:    1.5645
loop:     84800, alpha:   10.5000, rms:    1.5633
loop:     85200, alpha:   10.5000, rms:    1.5621
loop:     85600, alpha:   10.5000, rms:    1.5609
loop:     86000, alpha:   10.5000, rms:    1.5597
loop:     86400, alpha:   10.5000, rms:    1.5585
loop:     86800, alpha:   10.5000, rms:    1.5574
loop:     87200, alpha:   10.5000, rms:    1.5562
loop:     87600, alpha:   10.5000, rms:    1.5551
loop:     88000, alpha:   10.5000, rms:    1.5539
loop:     88400, alpha:   10.5000, rms:    1.5528
loop:     88800, alpha:   10.5000, rms:    1.5517
loop:     89200, alpha:   10.5000, rms:    1.5506
loop:     89600, alpha:   10.5000, rms:    1.5495
Have memorized arrays 10 times
loop:     90000, alpha:   10.5000, rms:    1.5484
loop:     90400, alpha:   10.5000, rms:    1.5474
loop:     90800, alpha:   10.5000, rms:    1.5463
loop:     91200, alpha:   10.5000, rms:    1.5452
loop:     91600, alpha:   10.5000, rms:    1.5442
loop:     92000, alpha:   10.5000, rms:    1.5431
loop:     92400, alpha:   10.5000, rms:    1.5421
loop:     92800, alpha:   10.5000, rms:    1.5411
loop:     93200, alpha:   10.5000, rms:    1.5401
loop:     93600, alpha:   10.5000, rms:    1.5391
loop:     94000, alpha:   10.5000, rms:    1.5381
loop:     94400, alpha:   10.5000, rms:    1.5371
loop:     94800, alpha:   10.5000, rms:    1.5361
loop:     95200, alpha:   10.5000, rms:    1.5351
loop:     95600, alpha:   10.5000, rms:    1.5342
loop:     96000, alpha:   10.5000, rms:    1.5332
loop:     96400, alpha:   10.5000, rms:    1.5323
loop:     96800, alpha:   10.5000, rms:    1.5313
loop:     97200, alpha:   10.5000, rms:    1.5304
loop:     97600, alpha:   10.5000, rms:    1.5295
loop:     98000, alpha:   10.5000, rms:    1.5286
loop:     98400, alpha:   10.5000, rms:    1.5277
loop:     98800, alpha:   10.5000, rms:    1.5268
loop:     99200, alpha:   10.5000, rms:    1.5259
loop:     99600, alpha:   10.5000, rms:    1.5250
Have memorized arrays 11 times
loop:    100000, alpha:   10.5000, rms:    1.5241
loop:    100400, alpha:   10.5000, rms:    1.5233
loop:    100800, alpha:   10.5000, rms:    1.5224
loop:    101200, alpha:   10.5000, rms:    1.5215
loop:    101600, alpha:   10.5000, rms:    1.5207
loop:    102000, alpha:   10.5000, rms:    1.5199
loop:    102400, alpha:   10.5000, rms:    1.5190
loop:    102800, alpha:   10.5000, rms:    1.5182
loop:    103200, alpha:   10.5000, rms:    1.5174
loop:    103600, alpha:   10.5000, rms:    1.5166
loop:    104000, alpha:   10.5000, rms:    1.5158
loop:    104400, alpha:   10.5000, rms:    1.5150
loop:    104800, alpha:   10.5000, rms:    1.5142
loop:    105200, alpha:   10.5000, rms:    1.5134
loop:    105600, alpha:   10.5000, rms:    1.5126
loop:    106000, alpha:   10.5000, rms:    1.5118
loop:    106400, alpha:   10.5000, rms:    1.5111
loop:    106800, alpha:   10.5000, rms:    1.5103
loop:    107200, alpha:   10.5000, rms:    1.5095
loop:    107600, alpha:   10.5000, rms:    1.5088
loop:    108000, alpha:   10.5000, rms:    1.5081
loop:    108400, alpha:   10.5000, rms:    1.5073
loop:    108800, alpha:   10.5000, rms:    1.5066
loop:    109200, alpha:   10.5000, rms:    1.5059
loop:    109600, alpha:   10.5000, rms:    1.5051
Have memorized arrays 12 times
loop:    110000, alpha:   10.5000, rms:    1.5044
loop:    110400, alpha:   10.5000, rms:    1.5037
loop:    110800, alpha:   10.5000, rms:    1.5030
loop:    111200, alpha:   10.5000, rms:    1.5023
loop:    111600, alpha:   10.5000, rms:    1.5016
loop:    112000, alpha:   10.5000, rms:    1.5010
loop:    112400, alpha:   10.5000, rms:    1.5003
loop:    112800, alpha:   10.5000, rms:    1.4996
loop:    113200, alpha:   10.5000, rms:    1.4989
loop:    113600, alpha:   10.5000, rms:    1.4983
loop:    114000, alpha:   10.5000, rms:    1.4976
loop:    114400, alpha:   10.5000, rms:    1.4970
loop:    114800, alpha:   10.5000, rms:    1.4963
loop:    115200, alpha:   10.5000, rms:    1.4957
loop:    115600, alpha:   10.5000, rms:    1.4951
loop:    116000, alpha:   10.5000, rms:    1.4945
loop:    116400, alpha:   10.5000, rms:    1.4940
loop:    116800, alpha:   10.5000, rms:    1.4934
loop:    117200, alpha:   10.5000, rms:    1.4928
loop:    117600, alpha:   10.5000, rms:    1.4922
loop:    118000, alpha:   10.5000, rms:    1.4916
loop:    118400, alpha:   10.5000, rms:    1.4910
loop:    118800, alpha:   10.5000, rms:    1.4905
loop:    119200, alpha:   10.5000, rms:    1.4899
loop:    119600, alpha:   10.5000, rms:    1.4893
Have memorized arrays 13 times
loop:    120000, alpha:   10.5000, rms:    1.4888
loop:    120400, alpha:   10.5000, rms:    1.4882
loop:    120800, alpha:   10.5000, rms:    1.4877
loop:    121200, alpha:   10.5000, rms:    1.4871
loop:    121600, alpha:   10.5000, rms:    1.4866
loop:    122000, alpha:   10.5000, rms:    1.4860
loop:    122400, alpha:   10.5000, rms:    1.4855
loop:    122800, alpha:   10.5000, rms:    1.4850
loop:    123200, alpha:   10.5000, rms:    1.4844
loop:    123600, alpha:   10.5000, rms:    1.4839
loop:    124000, alpha:   10.5000, rms:    1.4834
loop:    124400, alpha:   10.5000, rms:    1.4829
loop:    124800, alpha:   10.5000, rms:    1.4824
loop:    125200, alpha:   10.5000, rms:    1.4819
loop:    125600, alpha:   10.5000, rms:    1.4814
loop:    126000, alpha:   10.5000, rms:    1.4809
loop:    126400, alpha:   10.5000, rms:    1.4804
loop:    126800, alpha:   10.5000, rms:    1.4799
loop:    127200, alpha:   10.5000, rms:    1.4794
loop:    127600, alpha:   10.5000, rms:    1.4789
loop:    128000, alpha:   10.5000, rms:    1.4784
loop:    128400, alpha:   10.5000, rms:    1.4780
loop:    128800, alpha:   10.5000, rms:    1.4775
loop:    129200, alpha:   10.5000, rms:    1.4770
loop:    129600, alpha:   10.5000, rms:    1.4766
Have memorized arrays 14 times
loop:    130000, alpha:   10.5000, rms:    1.4761
loop:    130400, alpha:   10.5000, rms:    1.4756
loop:    130800, alpha:   10.5000, rms:    1.4752
loop:    131200, alpha:   10.5000, rms:    1.4747
loop:    131600, alpha:   10.5000, rms:    1.4743
loop:    132000, alpha:   10.5000, rms:    1.4738
loop:    132400, alpha:   10.5000, rms:    1.4734
loop:    132800, alpha:   10.5000, rms:    1.4730
loop:    133200, alpha:   10.5000, rms:    1.4725
loop:    133600, alpha:   10.5000, rms:    1.4721
loop:    134000, alpha:   10.5000, rms:    1.4717
loop:    134400, alpha:   10.5000, rms:    1.4713
loop:    134800, alpha:   10.5000, rms:    1.4708
loop:    135200, alpha:   10.5000, rms:    1.4704
loop:    135600, alpha:   10.5000, rms:    1.4700
loop:    136000, alpha:   10.5000, rms:    1.4696
loop:    136400, alpha:   10.5000, rms:    1.4692
loop:    136800, alpha:   10.5000, rms:    1.4688
loop:    137200, alpha:   10.5000, rms:    1.4684
loop:    137600, alpha:   10.5000, rms:    1.4680
loop:    138000, alpha:   10.5000, rms:    1.4676
loop:    138400, alpha:   10.5000, rms:    1.4672
loop:    138800, alpha:   10.5000, rms:    1.4668
loop:    139200, alpha:   10.5000, rms:    1.4664
loop:    139600, alpha:   10.5000, rms:    1.4660
Have memorized arrays 15 times
loop:    140000, alpha:   10.5000, rms:    1.4656
loop:    140400, alpha:   10.5000, rms:    1.4652
loop:    140800, alpha:   10.5000, rms:    1.4649
loop:    141200, alpha:   10.5000, rms:    1.4645
loop:    141600, alpha:   10.5000, rms:    1.4641
loop:    142000, alpha:   10.5000, rms:    1.4637
loop:    142400, alpha:   10.5000, rms:    1.4633
loop:    142800, alpha:   10.5000, rms:    1.4629
loop:    143200, alpha:   10.5000, rms:    1.4626
loop:    143600, alpha:   10.5000, rms:    1.4622
loop:    144000, alpha:   10.5000, rms:    1.4618
loop:    144400, alpha:   10.5000, rms:    1.4614
loop:    144800, alpha:   10.5000, rms:    1.4611
loop:    145200, alpha:   10.5000, rms:    1.4607
loop:    145600, alpha:   10.5000, rms:    1.4603
loop:    146000, alpha:   10.5000, rms:    1.4600
loop:    146400, alpha:   10.5000, rms:    1.4596
loop:    146800, alpha:   10.5000, rms:    1.4592
loop:    147200, alpha:   10.5000, rms:    1.4589
loop:    147600, alpha:   10.5000, rms:    1.4585
loop:    148000, alpha:   10.5000, rms:    1.4582
loop:    148400, alpha:   10.5000, rms:    1.4578
loop:    148800, alpha:   10.5000, rms:    1.4574
loop:    149200, alpha:   10.5000, rms:    1.4571
loop:    149600, alpha:   10.5000, rms:    1.4567
Have memorized arrays 16 times
loop:    150000, alpha:   10.5000, rms:    1.4564
loop:    150400, alpha:   10.5000, rms:    1.4561
loop:    150800, alpha:   10.5000, rms:    1.4557
loop:    151200, alpha:   10.5000, rms:    1.4554
loop:    151600, alpha:   10.5000, rms:    1.4550
loop:    152000, alpha:   10.5000, rms:    1.4547
loop:    152400, alpha:   10.5000, rms:    1.4543
loop:    152800, alpha:   10.5000, rms:    1.4540
loop:    153200, alpha:   10.5000, rms:    1.4537
loop:    153600, alpha:   10.5000, rms:    1.4533
loop:    154000, alpha:   10.5000, rms:    1.4530
loop:    154400, alpha:   10.5000, rms:    1.4527
loop:    154800, alpha:   10.5000, rms:    1.4524
loop:    155200, alpha:   10.5000, rms:    1.4520
loop:    155600, alpha:   10.5000, rms:    1.4517
loop:    156000, alpha:   10.5000, rms:    1.4514
loop:    156400, alpha:   10.5000, rms:    1.4511
loop:    156800, alpha:   10.5000, rms:    1.4507
loop:    157200, alpha:   10.5000, rms:    1.4504
loop:    157600, alpha:   10.5000, rms:    1.4501
loop:    158000, alpha:   10.5000, rms:    1.4498
loop:    158400, alpha:   10.5000, rms:    1.4495
loop:    158800, alpha:   10.5000, rms:    1.4492
loop:    159200, alpha:   10.5000, rms:    1.4488
loop:    159600, alpha:   10.5000, rms:    1.4485
Have memorized arrays 17 times
loop:    160000, alpha:   10.5000, rms:    1.4482
loop:    160400, alpha:   10.5000, rms:    1.4479
loop:    160800, alpha:   10.5000, rms:    1.4476
loop:    161200, alpha:   10.5000, rms:    1.4473
loop:    161600, alpha:   10.5000, rms:    1.4470
loop:    162000, alpha:   10.5000, rms:    1.4467
loop:    162400, alpha:   10.5000, rms:    1.4464
loop:    162800, alpha:   10.5000, rms:    1.4461
loop:    163200, alpha:   10.5000, rms:    1.4458
loop:    163600, alpha:   10.5000, rms:    1.4455
loop:    164000, alpha:   10.5000, rms:    1.4452
loop:    164400, alpha:   10.5000, rms:    1.4449
loop:    164800, alpha:   10.5000, rms:    1.4446
loop:    165200, alpha:   10.5000, rms:    1.4443
loop:    165600, alpha:   10.5000, rms:    1.4440
loop:    166000, alpha:   10.5000, rms:    1.4437
loop:    166400, alpha:   10.5000, rms:    1.4434
loop:    166800, alpha:   10.5000, rms:    1.4431
loop:    167200, alpha:   10.5000, rms:    1.4428
loop:    167600, alpha:   10.5000, rms:    1.4426
loop:    168000, alpha:   10.5000, rms:    1.4423
loop:    168400, alpha:   10.5000, rms:    1.4420
loop:    168800, alpha:   10.5000, rms:    1.4417
loop:    169200, alpha:   10.5000, rms:    1.4414
loop:    169600, alpha:   10.5000, rms:    1.4412
Have memorized arrays 18 times
loop:    170000, alpha:   10.5000, rms:    1.4409
loop:    170400, alpha:   10.5000, rms:    1.4406
loop:    170800, alpha:   10.5000, rms:    1.4403
loop:    171200, alpha:   10.5000, rms:    1.4400
loop:    171600, alpha:   10.5000, rms:    1.4398
loop:    172000, alpha:   10.5000, rms:    1.4395
loop:    172400, alpha:   10.5000, rms:    1.4392
loop:    172800, alpha:   10.5000, rms:    1.4389
loop:    173200, alpha:   10.5000, rms:    1.4387
loop:    173600, alpha:   10.5000, rms:    1.4384
loop:    174000, alpha:   10.5000, rms:    1.4381
loop:    174400, alpha:   10.5000, rms:    1.4379
loop:    174800, alpha:   10.5000, rms:    1.4376
loop:    175200, alpha:   10.5000, rms:    1.4373
loop:    175600, alpha:   10.5000, rms:    1.4371
loop:    176000, alpha:   10.5000, rms:    1.4368
loop:    176400, alpha:   10.5000, rms:    1.4365
loop:    176800, alpha:   10.5000, rms:    1.4363
loop:    177200, alpha:   10.5000, rms:    1.4360
loop:    177600, alpha:   10.5000, rms:    1.4357
loop:    178000, alpha:   10.5000, rms:    1.4355
loop:    178400, alpha:   10.5000, rms:    1.4352
loop:    178800, alpha:   10.5000, rms:    1.4350
loop:    179200, alpha:   10.5000, rms:    1.4347
loop:    179600, alpha:   10.5000, rms:    1.4344
Have memorized arrays 19 times
loop:    180000, alpha:   10.5000, rms:    1.4342
loop:    180400, alpha:   10.5000, rms:    1.4339
loop:    180800, alpha:   10.5000, rms:    1.4337
loop:    181200, alpha:   10.5000, rms:    1.4334
loop:    181600, alpha:   10.5000, rms:    1.4332
loop:    182000, alpha:   10.5000, rms:    1.4329
loop:    182400, alpha:   10.5000, rms:    1.4327
loop:    182800, alpha:   10.5000, rms:    1.4324
loop:    183200, alpha:   10.5000, rms:    1.4322
loop:    183600, alpha:   10.5000, rms:    1.4319
loop:    184000, alpha:   10.5000, rms:    1.4317
loop:    184400, alpha:   10.5000, rms:    1.4314
loop:    184800, alpha:   10.5000, rms:    1.4312
loop:    185200, alpha:   10.5000, rms:    1.4309
loop:    185600, alpha:   10.5000, rms:    1.4307
loop:    186000, alpha:   10.5000, rms:    1.4304
loop:    186400, alpha:   10.5000, rms:    1.4302
loop:    186800, alpha:   10.5000, rms:    1.4299
loop:    187200, alpha:   10.5000, rms:    1.4297
loop:    187600, alpha:   10.5000, rms:    1.4294
loop:    188000, alpha:   10.5000, rms:    1.4292
loop:    188400, alpha:   10.5000, rms:    1.4290
loop:    188800, alpha:   10.5000, rms:    1.4287
loop:    189200, alpha:   10.5000, rms:    1.4285
loop:    189600, alpha:   10.5000, rms:    1.4282
Have memorized arrays 20 times
loop:    190000, alpha:   10.5000, rms:    1.4280
loop:    190400, alpha:   10.5000, rms:    1.4278
loop:    190800, alpha:   10.5000, rms:    1.4275
loop:    191200, alpha:   10.5000, rms:    1.4273
loop:    191600, alpha:   10.5000, rms:    1.4270
loop:    192000, alpha:   10.5000, rms:    1.4268
loop:    192400, alpha:   10.5000, rms:    1.4266
loop:    192800, alpha:   10.5000, rms:    1.4263
loop:    193200, alpha:   10.5000, rms:    1.4261
loop:    193600, alpha:   10.5000, rms:    1.4259
loop:    194000, alpha:   10.5000, rms:    1.4256
loop:    194400, alpha:   10.5000, rms:    1.4254
loop:    194800, alpha:   10.5000, rms:    1.4252
loop:    195200, alpha:   10.5000, rms:    1.4249
loop:    195600, alpha:   10.5000, rms:    1.4247
loop:    196000, alpha:   10.5000, rms:    1.4245
loop:    196400, alpha:   10.5000, rms:    1.4242
loop:    196800, alpha:   10.5000, rms:    1.4240
loop:    197200, alpha:   10.5000, rms:    1.4238
loop:    197600, alpha:   10.5000, rms:    1.4236
loop:    198000, alpha:   10.5000, rms:    1.4233
loop:    198400, alpha:   10.5000, rms:    1.4231
loop:    198800, alpha:   10.5000, rms:    1.4229
loop:    199200, alpha:   10.5000, rms:    1.4226
loop:    199600, alpha:   10.5000, rms:    1.4224
Have memorized arrays 21 times
loop:    200000, alpha:   10.5000, rms:    1.4222
Reached the maximum number of loops

Done.
loop:    200001, alpha:   10.5000, rms:    1.4222
Total fabrication time:  234.2989 minutes
filepath:
 ./files/outputOMP/20190331162736_all.txt
filepath:
 ./files/outputOMP/20190331162736_extraction.txt
Serial Computation time: 3472.5159 sec.
OpenMP Computation time:  994.7837 sec.
