Read the target shape in
 ./files/input/20190307ErrorBetweenMirrorandCylinder1stSputter60nmOffset.txt
Read the unit sputter yield in
 ./files/input/20190325SputterYieldon20190324_2.txt

                                       
    Iterative Deconvolution Started   
***************************************

The number of entries
  # Target   :    5500
  # Unit     :    2175
  # 1/2 Unit :    1087
  # All      :    9850
The number of threads
  # Total    :       4
  # Thread   :       1
  # Thread   :       3
  # Thread   :       2
  # Thread   :       0
Computation time for initialization:    0.0040

Have memorized arrays 1 times
Multiplied alpha by    0.9500
loop:         8, alpha:   14.2500, rms:  168.8290
loop:       400, alpha:   14.2500, rms:    9.1506
loop:       800, alpha:   14.2500, rms:    6.1771
loop:      1200, alpha:   14.2500, rms:    4.9361
loop:      1600, alpha:   14.2500, rms:    4.2125
loop:      2000, alpha:   14.2500, rms:    3.7252
loop:      2400, alpha:   14.2500, rms:    3.3737
loop:      2800, alpha:   14.2500, rms:    3.1103
loop:      3200, alpha:   14.2500, rms:    2.9080
loop:      3600, alpha:   14.2500, rms:    2.7485
loop:      4000, alpha:   14.2500, rms:    2.6201
loop:      4400, alpha:   14.2500, rms:    2.5153
loop:      4800, alpha:   14.2500, rms:    2.4289
loop:      5200, alpha:   14.2500, rms:    2.3568
loop:      5600, alpha:   14.2500, rms:    2.2956
loop:      6000, alpha:   14.2500, rms:    2.2435
loop:      6400, alpha:   14.2500, rms:    2.1982
loop:      6800, alpha:   14.2500, rms:    2.1586
loop:      7200, alpha:   14.2500, rms:    2.1237
loop:      7600, alpha:   14.2500, rms:    2.0930
loop:      8000, alpha:   14.2500, rms:    2.0657
loop:      8400, alpha:   14.2500, rms:    2.0413
loop:      8800, alpha:   14.2500, rms:    2.0195
loop:      9200, alpha:   14.2500, rms:    1.9999
loop:      9600, alpha:   14.2500, rms:    1.9822
Have memorized arrays 2 times
loop:     10000, alpha:   14.2500, rms:    1.9662
loop:     10400, alpha:   14.2500, rms:    1.9515
loop:     10800, alpha:   14.2500, rms:    1.9382
loop:     11200, alpha:   14.2500, rms:    1.9259
loop:     11600, alpha:   14.2500, rms:    1.9146
loop:     12000, alpha:   14.2500, rms:    1.9042
loop:     12400, alpha:   14.2500, rms:    1.8946
loop:     12800, alpha:   14.2500, rms:    1.8857
loop:     13200, alpha:   14.2500, rms:    1.8774
loop:     13600, alpha:   14.2500, rms:    1.8697
loop:     14000, alpha:   14.2500, rms:    1.8624
loop:     14400, alpha:   14.2500, rms:    1.8557
loop:     14800, alpha:   14.2500, rms:    1.8493
loop:     15200, alpha:   14.2500, rms:    1.8434
loop:     15600, alpha:   14.2500, rms:    1.8378
loop:     16000, alpha:   14.2500, rms:    1.8325
loop:     16400, alpha:   14.2500, rms:    1.8275
loop:     16800, alpha:   14.2500, rms:    1.8228
loop:     17200, alpha:   14.2500, rms:    1.8183
loop:     17600, alpha:   14.2500, rms:    1.8141
loop:     18000, alpha:   14.2500, rms:    1.8101
loop:     18400, alpha:   14.2500, rms:    1.8063
loop:     18800, alpha:   14.2500, rms:    1.8027
loop:     19200, alpha:   14.2500, rms:    1.7992
loop:     19600, alpha:   14.2500, rms:    1.7959
Have memorized arrays 3 times
loop:     20000, alpha:   14.2500, rms:    1.7928
loop:     20400, alpha:   14.2500, rms:    1.7898
loop:     20800, alpha:   14.2500, rms:    1.7870
loop:     21200, alpha:   14.2500, rms:    1.7842
loop:     21600, alpha:   14.2500, rms:    1.7816
loop:     22000, alpha:   14.2500, rms:    1.7791
loop:     22400, alpha:   14.2500, rms:    1.7767
loop:     22800, alpha:   14.2500, rms:    1.7744
loop:     23200, alpha:   14.2500, rms:    1.7722
loop:     23600, alpha:   14.2500, rms:    1.7701
loop:     24000, alpha:   14.2500, rms:    1.7681
loop:     24400, alpha:   14.2500, rms:    1.7661
loop:     24800, alpha:   14.2500, rms:    1.7642
loop:     25200, alpha:   14.2500, rms:    1.7624
loop:     25600, alpha:   14.2500, rms:    1.7607
loop:     26000, alpha:   14.2500, rms:    1.7590
loop:     26400, alpha:   14.2500, rms:    1.7574
loop:     26800, alpha:   14.2500, rms:    1.7559
loop:     27200, alpha:   14.2500, rms:    1.7544
loop:     27600, alpha:   14.2500, rms:    1.7529
loop:     28000, alpha:   14.2500, rms:    1.7515
loop:     28400, alpha:   14.2500, rms:    1.7502
loop:     28800, alpha:   14.2500, rms:    1.7489
loop:     29200, alpha:   14.2500, rms:    1.7476
loop:     29600, alpha:   14.2500, rms:    1.7464
Have memorized arrays 4 times
loop:     30000, alpha:   14.2500, rms:    1.7452
loop:     30400, alpha:   14.2500, rms:    1.7441
loop:     30800, alpha:   14.2500, rms:    1.7430
loop:     31200, alpha:   14.2500, rms:    1.7420
loop:     31600, alpha:   14.2500, rms:    1.7409
loop:     32000, alpha:   14.2500, rms:    1.7399
loop:     32400, alpha:   14.2500, rms:    1.7390
loop:     32800, alpha:   14.2500, rms:    1.7380
loop:     33200, alpha:   14.2500, rms:    1.7371
loop:     33600, alpha:   14.2500, rms:    1.7363
loop:     34000, alpha:   14.2500, rms:    1.7354
loop:     34400, alpha:   14.2500, rms:    1.7346
loop:     34800, alpha:   14.2500, rms:    1.7338
loop:     35200, alpha:   14.2500, rms:    1.7330
loop:     35600, alpha:   14.2500, rms:    1.7323
loop:     36000, alpha:   14.2500, rms:    1.7315
loop:     36400, alpha:   14.2500, rms:    1.7308
loop:     36800, alpha:   14.2500, rms:    1.7301
loop:     37200, alpha:   14.2500, rms:    1.7295
loop:     37600, alpha:   14.2500, rms:    1.7288
loop:     38000, alpha:   14.2500, rms:    1.7282
loop:     38400, alpha:   14.2500, rms:    1.7276
loop:     38800, alpha:   14.2500, rms:    1.7269
loop:     39200, alpha:   14.2500, rms:    1.7264
loop:     39600, alpha:   14.2500, rms:    1.7258
Have memorized arrays 5 times
loop:     40000, alpha:   14.2500, rms:    1.7252
loop:     40400, alpha:   14.2500, rms:    1.7247
loop:     40800, alpha:   14.2500, rms:    1.7242
loop:     41200, alpha:   14.2500, rms:    1.7237
loop:     41600, alpha:   14.2500, rms:    1.7232
loop:     42000, alpha:   14.2500, rms:    1.7227
loop:     42400, alpha:   14.2500, rms:    1.7222
loop:     42800, alpha:   14.2500, rms:    1.7217
loop:     43200, alpha:   14.2500, rms:    1.7213
loop:     43600, alpha:   14.2500, rms:    1.7208
loop:     44000, alpha:   14.2500, rms:    1.7204
loop:     44400, alpha:   14.2500, rms:    1.7200
loop:     44800, alpha:   14.2500, rms:    1.7195
loop:     45200, alpha:   14.2500, rms:    1.7191
loop:     45600, alpha:   14.2500, rms:    1.7188
loop:     46000, alpha:   14.2500, rms:    1.7184
loop:     46400, alpha:   14.2500, rms:    1.7180
loop:     46800, alpha:   14.2500, rms:    1.7176
loop:     47200, alpha:   14.2500, rms:    1.7173
loop:     47600, alpha:   14.2500, rms:    1.7169
loop:     48000, alpha:   14.2500, rms:    1.7166
loop:     48400, alpha:   14.2500, rms:    1.7162
loop:     48800, alpha:   14.2500, rms:    1.7159
loop:     49200, alpha:   14.2500, rms:    1.7156
loop:     49600, alpha:   14.2500, rms:    1.7152
Have memorized arrays 6 times
loop:     50000, alpha:   14.2500, rms:    1.7149
loop:     50400, alpha:   14.2500, rms:    1.7146
loop:     50800, alpha:   14.2500, rms:    1.7143
loop:     51200, alpha:   14.2500, rms:    1.7140
loop:     51600, alpha:   14.2500, rms:    1.7137
loop:     52000, alpha:   14.2500, rms:    1.7135
loop:     52400, alpha:   14.2500, rms:    1.7132
loop:     52800, alpha:   14.2500, rms:    1.7129
loop:     53200, alpha:   14.2500, rms:    1.7126
loop:     53600, alpha:   14.2500, rms:    1.7124
loop:     54000, alpha:   14.2500, rms:    1.7121
loop:     54400, alpha:   14.2500, rms:    1.7119
loop:     54800, alpha:   14.2500, rms:    1.7116
loop:     55200, alpha:   14.2500, rms:    1.7114
loop:     55600, alpha:   14.2500, rms:    1.7111
loop:     56000, alpha:   14.2500, rms:    1.7109
loop:     56400, alpha:   14.2500, rms:    1.7107
loop:     56800, alpha:   14.2500, rms:    1.7104
loop:     57200, alpha:   14.2500, rms:    1.7102
loop:     57600, alpha:   14.2500, rms:    1.7100
loop:     58000, alpha:   14.2500, rms:    1.7098
loop:     58400, alpha:   14.2500, rms:    1.7096
loop:     58800, alpha:   14.2500, rms:    1.7093
loop:     59200, alpha:   14.2500, rms:    1.7091
loop:     59600, alpha:   14.2500, rms:    1.7089
Have memorized arrays 7 times
loop:     60000, alpha:   14.2500, rms:    1.7087
loop:     60400, alpha:   14.2500, rms:    1.7085
loop:     60800, alpha:   14.2500, rms:    1.7083
loop:     61200, alpha:   14.2500, rms:    1.7081
loop:     61600, alpha:   14.2500, rms:    1.7080
loop:     62000, alpha:   14.2500, rms:    1.7078
loop:     62400, alpha:   14.2500, rms:    1.7076
loop:     62800, alpha:   14.2500, rms:    1.7074
loop:     63200, alpha:   14.2500, rms:    1.7072
loop:     63600, alpha:   14.2500, rms:    1.7071
loop:     64000, alpha:   14.2500, rms:    1.7069
loop:     64400, alpha:   14.2500, rms:    1.7067
loop:     64800, alpha:   14.2500, rms:    1.7065
loop:     65200, alpha:   14.2500, rms:    1.7064
loop:     65600, alpha:   14.2500, rms:    1.7062
loop:     66000, alpha:   14.2500, rms:    1.7060
loop:     66400, alpha:   14.2500, rms:    1.7059
loop:     66800, alpha:   14.2500, rms:    1.7057
loop:     67200, alpha:   14.2500, rms:    1.7056
loop:     67600, alpha:   14.2500, rms:    1.7054
loop:     68000, alpha:   14.2500, rms:    1.7053
loop:     68400, alpha:   14.2500, rms:    1.7051
loop:     68800, alpha:   14.2500, rms:    1.7050
loop:     69200, alpha:   14.2500, rms:    1.7048
loop:     69600, alpha:   14.2500, rms:    1.7047
Have memorized arrays 8 times
loop:     70000, alpha:   14.2500, rms:    1.7046
loop:     70400, alpha:   14.2500, rms:    1.7044
loop:     70800, alpha:   14.2500, rms:    1.7043
loop:     71200, alpha:   14.2500, rms:    1.7041
loop:     71600, alpha:   14.2500, rms:    1.7040
loop:     72000, alpha:   14.2500, rms:    1.7039
loop:     72400, alpha:   14.2500, rms:    1.7038
loop:     72800, alpha:   14.2500, rms:    1.7036
loop:     73200, alpha:   14.2500, rms:    1.7035
loop:     73600, alpha:   14.2500, rms:    1.7034
loop:     74000, alpha:   14.2500, rms:    1.7033
loop:     74400, alpha:   14.2500, rms:    1.7031
loop:     74800, alpha:   14.2500, rms:    1.7030
loop:     75200, alpha:   14.2500, rms:    1.7029
loop:     75600, alpha:   14.2500, rms:    1.7028
loop:     76000, alpha:   14.2500, rms:    1.7027
loop:     76400, alpha:   14.2500, rms:    1.7025
loop:     76800, alpha:   14.2500, rms:    1.7024
loop:     77200, alpha:   14.2500, rms:    1.7023
loop:     77600, alpha:   14.2500, rms:    1.7022
loop:     78000, alpha:   14.2500, rms:    1.7021
loop:     78400, alpha:   14.2500, rms:    1.7020
loop:     78800, alpha:   14.2500, rms:    1.7019
loop:     79200, alpha:   14.2500, rms:    1.7018
loop:     79600, alpha:   14.2500, rms:    1.7017
Have memorized arrays 9 times
loop:     80000, alpha:   14.2500, rms:    1.7016
loop:     80400, alpha:   14.2500, rms:    1.7015
loop:     80800, alpha:   14.2500, rms:    1.7014
loop:     81200, alpha:   14.2500, rms:    1.7013
loop:     81600, alpha:   14.2500, rms:    1.7012
loop:     82000, alpha:   14.2500, rms:    1.7011
loop:     82400, alpha:   14.2500, rms:    1.7010
loop:     82800, alpha:   14.2500, rms:    1.7009
loop:     83200, alpha:   14.2500, rms:    1.7008
loop:     83600, alpha:   14.2500, rms:    1.7007
loop:     84000, alpha:   14.2500, rms:    1.7006
loop:     84400, alpha:   14.2500, rms:    1.7005
loop:     84800, alpha:   14.2500, rms:    1.7004
loop:     85200, alpha:   14.2500, rms:    1.7003
loop:     85600, alpha:   14.2500, rms:    1.7002
loop:     86000, alpha:   14.2500, rms:    1.7002
loop:     86400, alpha:   14.2500, rms:    1.7001
loop:     86800, alpha:   14.2500, rms:    1.7000
loop:     87200, alpha:   14.2500, rms:    1.6999
loop:     87600, alpha:   14.2500, rms:    1.6998
loop:     88000, alpha:   14.2500, rms:    1.6997
loop:     88400, alpha:   14.2500, rms:    1.6996
loop:     88800, alpha:   14.2500, rms:    1.6996
loop:     89200, alpha:   14.2500, rms:    1.6995
loop:     89600, alpha:   14.2500, rms:    1.6994
Have memorized arrays 10 times
loop:     90000, alpha:   14.2500, rms:    1.6993
loop:     90400, alpha:   14.2500, rms:    1.6992
loop:     90800, alpha:   14.2500, rms:    1.6992
loop:     91200, alpha:   14.2500, rms:    1.6991
loop:     91600, alpha:   14.2500, rms:    1.6990
loop:     92000, alpha:   14.2500, rms:    1.6989
loop:     92400, alpha:   14.2500, rms:    1.6988
loop:     92800, alpha:   14.2500, rms:    1.6988
loop:     93200, alpha:   14.2500, rms:    1.6987
loop:     93600, alpha:   14.2500, rms:    1.6986
loop:     94000, alpha:   14.2500, rms:    1.6985
loop:     94400, alpha:   14.2500, rms:    1.6985
loop:     94800, alpha:   14.2500, rms:    1.6984
loop:     95200, alpha:   14.2500, rms:    1.6983
loop:     95600, alpha:   14.2500, rms:    1.6982
loop:     96000, alpha:   14.2500, rms:    1.6982
loop:     96400, alpha:   14.2500, rms:    1.6981
loop:     96800, alpha:   14.2500, rms:    1.6980
loop:     97200, alpha:   14.2500, rms:    1.6980
loop:     97600, alpha:   14.2500, rms:    1.6979
loop:     98000, alpha:   14.2500, rms:    1.6978
loop:     98400, alpha:   14.2500, rms:    1.6978
loop:     98800, alpha:   14.2500, rms:    1.6977
loop:     99200, alpha:   14.2500, rms:    1.6976
loop:     99600, alpha:   14.2500, rms:    1.6976
Have memorized arrays 11 times
loop:    100000, alpha:   14.2500, rms:    1.6975
loop:    100400, alpha:   14.2500, rms:    1.6974
loop:    100800, alpha:   14.2500, rms:    1.6974
loop:    101200, alpha:   14.2500, rms:    1.6973
loop:    101600, alpha:   14.2500, rms:    1.6972
loop:    102000, alpha:   14.2500, rms:    1.6972
loop:    102400, alpha:   14.2500, rms:    1.6971
loop:    102800, alpha:   14.2500, rms:    1.6970
loop:    103200, alpha:   14.2500, rms:    1.6970
loop:    103600, alpha:   14.2500, rms:    1.6969
loop:    104000, alpha:   14.2500, rms:    1.6968
loop:    104400, alpha:   14.2500, rms:    1.6968
loop:    104800, alpha:   14.2500, rms:    1.6967
loop:    105200, alpha:   14.2500, rms:    1.6967
loop:    105600, alpha:   14.2500, rms:    1.6966
loop:    106000, alpha:   14.2500, rms:    1.6965
loop:    106400, alpha:   14.2500, rms:    1.6965
loop:    106800, alpha:   14.2500, rms:    1.6964
loop:    107200, alpha:   14.2500, rms:    1.6963
loop:    107600, alpha:   14.2500, rms:    1.6963
loop:    108000, alpha:   14.2500, rms:    1.6962
loop:    108400, alpha:   14.2500, rms:    1.6962
loop:    108800, alpha:   14.2500, rms:    1.6961
loop:    109200, alpha:   14.2500, rms:    1.6960
loop:    109600, alpha:   14.2500, rms:    1.6960
Have memorized arrays 12 times
loop:    110000, alpha:   14.2500, rms:    1.6959
loop:    110400, alpha:   14.2500, rms:    1.6959
loop:    110800, alpha:   14.2500, rms:    1.6958
loop:    111200, alpha:   14.2500, rms:    1.6958
loop:    111600, alpha:   14.2500, rms:    1.6957
loop:    112000, alpha:   14.2500, rms:    1.6956
loop:    112400, alpha:   14.2500, rms:    1.6956
loop:    112800, alpha:   14.2500, rms:    1.6955
loop:    113200, alpha:   14.2500, rms:    1.6955
loop:    113600, alpha:   14.2500, rms:    1.6954
loop:    114000, alpha:   14.2500, rms:    1.6954
loop:    114400, alpha:   14.2500, rms:    1.6953
loop:    114800, alpha:   14.2500, rms:    1.6952
loop:    115200, alpha:   14.2500, rms:    1.6952
loop:    115600, alpha:   14.2500, rms:    1.6951
loop:    116000, alpha:   14.2500, rms:    1.6951
loop:    116400, alpha:   14.2500, rms:    1.6950
loop:    116800, alpha:   14.2500, rms:    1.6950
loop:    117200, alpha:   14.2500, rms:    1.6949
loop:    117600, alpha:   14.2500, rms:    1.6949
loop:    118000, alpha:   14.2500, rms:    1.6948
loop:    118400, alpha:   14.2500, rms:    1.6948
loop:    118800, alpha:   14.2500, rms:    1.6947
loop:    119200, alpha:   14.2500, rms:    1.6946
loop:    119600, alpha:   14.2500, rms:    1.6946
Have memorized arrays 13 times
loop:    120000, alpha:   14.2500, rms:    1.6945
loop:    120400, alpha:   14.2500, rms:    1.6945
loop:    120800, alpha:   14.2500, rms:    1.6944
loop:    121200, alpha:   14.2500, rms:    1.6944
loop:    121600, alpha:   14.2500, rms:    1.6943
loop:    122000, alpha:   14.2500, rms:    1.6943
loop:    122400, alpha:   14.2500, rms:    1.6942
loop:    122800, alpha:   14.2500, rms:    1.6942
loop:    123200, alpha:   14.2500, rms:    1.6941
loop:    123600, alpha:   14.2500, rms:    1.6941
loop:    124000, alpha:   14.2500, rms:    1.6940
loop:    124400, alpha:   14.2500, rms:    1.6940
loop:    124800, alpha:   14.2500, rms:    1.6939
loop:    125200, alpha:   14.2500, rms:    1.6939
loop:    125600, alpha:   14.2500, rms:    1.6938
loop:    126000, alpha:   14.2500, rms:    1.6938
loop:    126400, alpha:   14.2500, rms:    1.6937
loop:    126800, alpha:   14.2500, rms:    1.6936
loop:    127200, alpha:   14.2500, rms:    1.6936
loop:    127600, alpha:   14.2500, rms:    1.6935
loop:    128000, alpha:   14.2500, rms:    1.6935
loop:    128400, alpha:   14.2500, rms:    1.6934
loop:    128800, alpha:   14.2500, rms:    1.6934
loop:    129200, alpha:   14.2500, rms:    1.6933
loop:    129600, alpha:   14.2500, rms:    1.6933
Have memorized arrays 14 times
loop:    130000, alpha:   14.2500, rms:    1.6932
loop:    130400, alpha:   14.2500, rms:    1.6932
loop:    130800, alpha:   14.2500, rms:    1.6931
loop:    131200, alpha:   14.2500, rms:    1.6931
loop:    131600, alpha:   14.2500, rms:    1.6930
loop:    132000, alpha:   14.2500, rms:    1.6930
loop:    132400, alpha:   14.2500, rms:    1.6929
loop:    132800, alpha:   14.2500, rms:    1.6929
loop:    133200, alpha:   14.2500, rms:    1.6928
loop:    133600, alpha:   14.2500, rms:    1.6928
loop:    134000, alpha:   14.2500, rms:    1.6927
loop:    134400, alpha:   14.2500, rms:    1.6927
loop:    134800, alpha:   14.2500, rms:    1.6926
loop:    135200, alpha:   14.2500, rms:    1.6926
loop:    135600, alpha:   14.2500, rms:    1.6925
loop:    136000, alpha:   14.2500, rms:    1.6925
loop:    136400, alpha:   14.2500, rms:    1.6924
loop:    136800, alpha:   14.2500, rms:    1.6924
loop:    137200, alpha:   14.2500, rms:    1.6923
loop:    137600, alpha:   14.2500, rms:    1.6922
loop:    138000, alpha:   14.2500, rms:    1.6922
loop:    138400, alpha:   14.2500, rms:    1.6921
loop:    138800, alpha:   14.2500, rms:    1.6921
loop:    139200, alpha:   14.2500, rms:    1.6920
loop:    139600, alpha:   14.2500, rms:    1.6920
Have memorized arrays 15 times
loop:    140000, alpha:   14.2500, rms:    1.6919
loop:    140400, alpha:   14.2500, rms:    1.6919
loop:    140800, alpha:   14.2500, rms:    1.6918
loop:    141200, alpha:   14.2500, rms:    1.6918
loop:    141600, alpha:   14.2500, rms:    1.6917
loop:    142000, alpha:   14.2500, rms:    1.6917
loop:    142400, alpha:   14.2500, rms:    1.6916
loop:    142800, alpha:   14.2500, rms:    1.6915
loop:    143200, alpha:   14.2500, rms:    1.6915
loop:    143600, alpha:   14.2500, rms:    1.6914
loop:    144000, alpha:   14.2500, rms:    1.6914
loop:    144400, alpha:   14.2500, rms:    1.6913
loop:    144800, alpha:   14.2500, rms:    1.6913
loop:    145200, alpha:   14.2500, rms:    1.6912
loop:    145600, alpha:   14.2500, rms:    1.6912
loop:    146000, alpha:   14.2500, rms:    1.6911
loop:    146400, alpha:   14.2500, rms:    1.6910
loop:    146800, alpha:   14.2500, rms:    1.6910
loop:    147200, alpha:   14.2500, rms:    1.6909
loop:    147600, alpha:   14.2500, rms:    1.6909
loop:    148000, alpha:   14.2500, rms:    1.6908
loop:    148400, alpha:   14.2500, rms:    1.6908
loop:    148800, alpha:   14.2500, rms:    1.6907
loop:    149200, alpha:   14.2500, rms:    1.6906
loop:    149600, alpha:   14.2500, rms:    1.6906
Have memorized arrays 16 times
loop:    150000, alpha:   14.2500, rms:    1.6905
loop:    150400, alpha:   14.2500, rms:    1.6905
loop:    150800, alpha:   14.2500, rms:    1.6904
loop:    151200, alpha:   14.2500, rms:    1.6904
loop:    151600, alpha:   14.2500, rms:    1.6903
loop:    152000, alpha:   14.2500, rms:    1.6902
loop:    152400, alpha:   14.2500, rms:    1.6902
loop:    152800, alpha:   14.2500, rms:    1.6901
loop:    153200, alpha:   14.2500, rms:    1.6901
loop:    153600, alpha:   14.2500, rms:    1.6900
loop:    154000, alpha:   14.2500, rms:    1.6900
loop:    154400, alpha:   14.2500, rms:    1.6899
loop:    154800, alpha:   14.2500, rms:    1.6898
loop:    155200, alpha:   14.2500, rms:    1.6898
loop:    155600, alpha:   14.2500, rms:    1.6897
loop:    156000, alpha:   14.2500, rms:    1.6897
loop:    156400, alpha:   14.2500, rms:    1.6896
loop:    156800, alpha:   14.2500, rms:    1.6896
loop:    157200, alpha:   14.2500, rms:    1.6895
loop:    157600, alpha:   14.2500, rms:    1.6894
loop:    158000, alpha:   14.2500, rms:    1.6894
loop:    158400, alpha:   14.2500, rms:    1.6893
loop:    158800, alpha:   14.2500, rms:    1.6893
loop:    159200, alpha:   14.2500, rms:    1.6892
loop:    159600, alpha:   14.2500, rms:    1.6891
Have memorized arrays 17 times
loop:    160000, alpha:   14.2500, rms:    1.6891
loop:    160400, alpha:   14.2500, rms:    1.6890
loop:    160800, alpha:   14.2500, rms:    1.6890
loop:    161200, alpha:   14.2500, rms:    1.6889
loop:    161600, alpha:   14.2500, rms:    1.6888
loop:    162000, alpha:   14.2500, rms:    1.6888
loop:    162400, alpha:   14.2500, rms:    1.6887
loop:    162800, alpha:   14.2500, rms:    1.6887
loop:    163200, alpha:   14.2500, rms:    1.6886
loop:    163600, alpha:   14.2500, rms:    1.6886
loop:    164000, alpha:   14.2500, rms:    1.6885
loop:    164400, alpha:   14.2500, rms:    1.6884
loop:    164800, alpha:   14.2500, rms:    1.6884
loop:    165200, alpha:   14.2500, rms:    1.6883
loop:    165600, alpha:   14.2500, rms:    1.6883
loop:    166000, alpha:   14.2500, rms:    1.6882
loop:    166400, alpha:   14.2500, rms:    1.6881
loop:    166800, alpha:   14.2500, rms:    1.6881
loop:    167200, alpha:   14.2500, rms:    1.6880
loop:    167600, alpha:   14.2500, rms:    1.6880
loop:    168000, alpha:   14.2500, rms:    1.6879
loop:    168400, alpha:   14.2500, rms:    1.6878
loop:    168800, alpha:   14.2500, rms:    1.6878
loop:    169200, alpha:   14.2500, rms:    1.6877
loop:    169600, alpha:   14.2500, rms:    1.6877
Have memorized arrays 18 times
loop:    170000, alpha:   14.2500, rms:    1.6876
loop:    170400, alpha:   14.2500, rms:    1.6875
loop:    170800, alpha:   14.2500, rms:    1.6875
loop:    171200, alpha:   14.2500, rms:    1.6874
loop:    171600, alpha:   14.2500, rms:    1.6874
loop:    172000, alpha:   14.2500, rms:    1.6873
loop:    172400, alpha:   14.2500, rms:    1.6872
loop:    172800, alpha:   14.2500, rms:    1.6872
loop:    173200, alpha:   14.2500, rms:    1.6871
loop:    173600, alpha:   14.2500, rms:    1.6871
loop:    174000, alpha:   14.2500, rms:    1.6870
loop:    174400, alpha:   14.2500, rms:    1.6869
loop:    174800, alpha:   14.2500, rms:    1.6869
loop:    175200, alpha:   14.2500, rms:    1.6868
loop:    175600, alpha:   14.2500, rms:    1.6867
loop:    176000, alpha:   14.2500, rms:    1.6867
loop:    176400, alpha:   14.2500, rms:    1.6866
loop:    176800, alpha:   14.2500, rms:    1.6866
loop:    177200, alpha:   14.2500, rms:    1.6865
loop:    177600, alpha:   14.2500, rms:    1.6864
loop:    178000, alpha:   14.2500, rms:    1.6864
loop:    178400, alpha:   14.2500, rms:    1.6863
loop:    178800, alpha:   14.2500, rms:    1.6862
loop:    179200, alpha:   14.2500, rms:    1.6862
loop:    179600, alpha:   14.2500, rms:    1.6861
Have memorized arrays 19 times
loop:    180000, alpha:   14.2500, rms:    1.6861
loop:    180400, alpha:   14.2500, rms:    1.6860
loop:    180800, alpha:   14.2500, rms:    1.6859
loop:    181200, alpha:   14.2500, rms:    1.6859
loop:    181600, alpha:   14.2500, rms:    1.6858
loop:    182000, alpha:   14.2500, rms:    1.6857
loop:    182400, alpha:   14.2500, rms:    1.6857
loop:    182800, alpha:   14.2500, rms:    1.6856
loop:    183200, alpha:   14.2500, rms:    1.6856
loop:    183600, alpha:   14.2500, rms:    1.6855
loop:    184000, alpha:   14.2500, rms:    1.6854
loop:    184400, alpha:   14.2500, rms:    1.6854
loop:    184800, alpha:   14.2500, rms:    1.6853
loop:    185200, alpha:   14.2500, rms:    1.6852
loop:    185600, alpha:   14.2500, rms:    1.6852
loop:    186000, alpha:   14.2500, rms:    1.6851
loop:    186400, alpha:   14.2500, rms:    1.6851
loop:    186800, alpha:   14.2500, rms:    1.6850
loop:    187200, alpha:   14.2500, rms:    1.6849
loop:    187600, alpha:   14.2500, rms:    1.6849
loop:    188000, alpha:   14.2500, rms:    1.6848
loop:    188400, alpha:   14.2500, rms:    1.6847
loop:    188800, alpha:   14.2500, rms:    1.6847
loop:    189200, alpha:   14.2500, rms:    1.6846
loop:    189600, alpha:   14.2500, rms:    1.6845
Have memorized arrays 20 times
loop:    190000, alpha:   14.2500, rms:    1.6845
loop:    190400, alpha:   14.2500, rms:    1.6844
loop:    190800, alpha:   14.2500, rms:    1.6843
loop:    191200, alpha:   14.2500, rms:    1.6843
loop:    191600, alpha:   14.2500, rms:    1.6842
loop:    192000, alpha:   14.2500, rms:    1.6841
loop:    192400, alpha:   14.2500, rms:    1.6841
loop:    192800, alpha:   14.2500, rms:    1.6840
loop:    193200, alpha:   14.2500, rms:    1.6840
loop:    193600, alpha:   14.2500, rms:    1.6839
loop:    194000, alpha:   14.2500, rms:    1.6838
loop:    194400, alpha:   14.2500, rms:    1.6838
loop:    194800, alpha:   14.2500, rms:    1.6837
loop:    195200, alpha:   14.2500, rms:    1.6836
loop:    195600, alpha:   14.2500, rms:    1.6836
loop:    196000, alpha:   14.2500, rms:    1.6835
loop:    196400, alpha:   14.2500, rms:    1.6834
loop:    196800, alpha:   14.2500, rms:    1.6834
loop:    197200, alpha:   14.2500, rms:    1.6833
loop:    197600, alpha:   14.2500, rms:    1.6832
loop:    198000, alpha:   14.2500, rms:    1.6832
loop:    198400, alpha:   14.2500, rms:    1.6831
loop:    198800, alpha:   14.2500, rms:    1.6830
loop:    199200, alpha:   14.2500, rms:    1.6830
loop:    199600, alpha:   14.2500, rms:    1.6829
Have memorized arrays 21 times
loop:    200000, alpha:   14.2500, rms:    1.6829
Reached the maximum number of loops

Done.
loop:    200001, alpha:   14.2500, rms:    1.6829
Total fabrication time:  242.8620 minutes
filepath:
 ./files/outputOMP/20190325083021_all.txt
filepath:
 ./files/outputOMP/20190325083021_extraction.txt
Serial Computation time: 3944.7152 sec.
OpenMP Computation time: 1124.1297 sec.
